10:38:43,10:03:43 /sp/dxadm.ashx 
	->({0}ms(0))Begin
	->(27ms(+27))未将对象引用设置到对象的实例。
	->(37ms(+10))Done
10:38:50,10:03:40 /sp/dxadm.ashx 
	->({0}ms(0))Begin
	->(2213ms(+2213))未将对象引用设置到对象的实例。
	->(9360ms(+7147))Done
10:39:15,10:03:15 /sp/dxadm.ashx 
	->({0}ms(0))Begin
	->(14ms(+14))未将对象引用设置到对象的实例。
	->(24ms(+10))Done
10:40:07,10:03:15 /sp/dxadm.ashx 
	->({0}ms(0))Begin
	->(24ms(+24))未将对象引用设置到对象的实例。
	->(52466ms(+52442))Done
10:40:10,10:03:10 /sp/dxadm.ashx 
	->({0}ms(0))Begin
	->(0ms(+0))Done
10:40:10,10:03:10 /sp/dxadm.ashx 
	->({0}ms(0))Begin
	->(403ms(+403))Done
10:40:56,10:03:48 /sp/tlkj_by.ashx 
	->({0}ms(0))Begin
	->(0ms(+0))IN-LoadAPI
	->(7576ms(+7576))OUT-LoadAPI
	->(7578ms(+2))0 in locked
	->(7582ms(+4))IN-StartPorcess
	->(7583ms(+1))Done
10:40:56,10:03:48 /sp/tlkj_by.ashx 
	->({0}ms(0))Begin
	->(7585ms(+7585))Done
10:42:14,10:03:10 /sp/tlkj_by.ashx 
	->({0}ms(0))Begin
	->(33497ms(+33497))IN-LoadAPI
	->(33498ms(+1))OUT-LoadAPI
	->(33498ms(+0))0 in locked
	->(33498ms(+0))IN-StartPorcess
	->(64476ms(+30978))Done
10:42:14,10:03:10 /sp/tlkj_by.ashx 
	->({0}ms(0))Begin
	->(64476ms(+64476))Done
10:42:45,10:03:17 /sp/tlkj_by.ashx 
	->({0}ms(0))Begin
	->(2528ms(+2528))IN-LoadAPI
	->(2528ms(+0))OUT-LoadAPI
	->(2528ms(+0))0 in locked
	->(2528ms(+0))IN-StartPorcess
	->(27130ms(+24602))Done
10:42:45,10:03:17 /sp/tlkj_by.ashx 
	->({0}ms(0))Begin
	->(27142ms(+27142))Done
10:43:37,10:03:47 /sp/tlkj_by.ashx 
	->({0}ms(0))Begin
	->(9751ms(+9751))IN-LoadAPI
	->(9751ms(+0))OUT-LoadAPI
	->(9752ms(+1))0 in locked
	->(9753ms(+1))IN-StartPorcess
	->(24744ms(+14991))IN-ItemNotExisted
	->(41678ms(+16934))ValueCollected
	->(42416ms(+738))TroneIdMatched
	->(48121ms(+5705))OUT-CoreProcessed
	->(48124ms(+3))总计：0ms
	->(48124ms(+0))OUT-ALL done
	->(49997ms(+1873))Done
10:43:38,10:03:47 /sp/tlkj_by.ashx 
	->({0}ms(0))Begin
	->(50431ms(+50431))Done
12:04:23,12:03:12 /sp/bjxt_multi_sms_sync_telcom.ashx 
	->({0}ms(0))Begin
	->(69884ms(+69884))Done
12:04:50,12:03:11 /sp/bjxt_multi_sms_sync_telcom.ashx 
	->({0}ms(0))Begin
	->(98954ms(+98954))Done
12:09:12,12:03:15 /sp/bjxt_multi_sms_sync_telcom.ashx 
	->({0}ms(0))Begin
	->(34866ms(+34866))IN-LoadAPI
	->(42511ms(+7645))OUT-LoadAPI
	->(42515ms(+4))0 in locked
	->(66817ms(+24302))IN-StartPorcess
	->(297147ms(+230330))Done
12:09:13,12:03:15 /sp/bjxt_multi_sms_sync_telcom.ashx 
	->({0}ms(0))Begin
	->(297214ms(+297214))Done
