16:14:50,tbl_sp_api_url remove cache, count 0, elapsed 0ms
16:14:50,tbl_sp_api_url add cache, count 211, elapsed 152ms
16:14:50,tbl_sp_api_url add cache, count 211, elapsed 122ms
16:14:50,tbl_trone add cache, count 1107, elapsed 131ms
16:15:57,tbl_sp_api_url remove cache, count 0, elapsed 0ms
16:15:57,tbl_sp_api_url add cache, count 211, elapsed 264ms
16:15:57,tbl_sp_api_url add cache, count 211, elapsed 165ms
16:15:58,tbl_trone add cache, count 1107, elapsed 210ms
16:18:47,tbl_sp_api_url remove cache, count 0, elapsed 0ms
16:18:47,tbl_sp_api_url add cache, count 211, elapsed 283ms
16:18:47,tbl_sp_api_url add cache, count 211, elapsed 211ms
16:18:47,tbl_trone add cache, count 1107, elapsed 264ms
16:18:48,tbl_day_month_limit add cache, count 1, elapsed 0ms
16:24:08,tbl_sp_api_url remove cache, count 0, elapsed 0ms
16:24:08,tbl_sp_api_url add cache, count 211, elapsed 256ms
16:24:08,tbl_sp_api_url add cache, count 211, elapsed 222ms
16:24:08,tbl_trone add cache, count 1107, elapsed 353ms
16:24:08,tbl_day_month_limit add cache, count 1, elapsed 0ms
16:24:15,tbl_cp_trone_rate add cache, count 1, elapsed 0ms
16:40:00,tbl_sp_api_url remove cache, count 0, elapsed 0ms
16:40:00,tbl_trone remove cache, count 0, elapsed 0ms
16:49:50,tbl_sp_api_url remove cache, count 0, elapsed 0ms
16:49:50,tbl_sp_api_url add cache, count 211, elapsed 303ms
16:49:50,tbl_sp_api_url add cache, count 211, elapsed 295ms
16:49:50,tbl_trone add cache, count 1107, elapsed 279ms
16:49:51,tbl_day_month_limit add cache, count 1, elapsed 0ms
16:49:58,tbl_cp_trone_rate add cache, count 1, elapsed 0ms
17:13:56,tbl_sp_api_url remove cache, count 0, elapsed 0ms
17:13:56,tbl_sp_api_url add cache, count 211, elapsed 333ms
17:13:56,tbl_sp_api_url add cache, count 211, elapsed 253ms
17:13:56,tbl_trone add cache, count 1107, elapsed 327ms
17:13:57,tbl_day_month_limit add cache, count 1, elapsed 0ms
17:14:02,tbl_cp_trone_rate add cache, count 1, elapsed 0ms
