15:09:37.944 jy000187000101ht_2016052437_020160524150937youxue888
15:09:37.944 http://wap.cmread.com/rdo/order?mcpid=jy0001&orderNo=ht_2016052437_0&feeCode=87000101&reqTime=20160524150937&sign=2C46F6EDC81DDCEE661E9A5D87A08AD0&layout=9&cm=J0540001
15:09:38.075 <Response><ResultCode>200</ResultCode><Order><BusinessDesc>业务信息：【咪咕星宝】1元</BusinessDesc><Price>资费：1.0元/次</Price><VerifType>0</VerifType><Submit0><GetSMSVerifyCodeUrl>http://wap.cmread.com/rdo/order/obtvc;jsessionid=EAF103AF3EB34CC252F9657F804D9778.8ngFvPKeA.1.0?sign=2C46F6EDC81DDCEE661E9A5D87A08AD0&amp;ln=1579_11244__2_&amp;t1=16945&amp;orderNo=ht_2016052437_0&amp;cm=J0540001&amp;feeCode=87000101&amp;reqTime=20160524150937&amp;mcpid=jy0001&amp;layout=9</GetSMSVerifyCodeUrl></Submit0></Order></Response>
15:09:38.091 http://wap.cmread.com/rdo/order/obtvc;jsessionid=EAF103AF3EB34CC252F9657F804D9778.8ngFvPKeA.1.0?sign=2C46F6EDC81DDCEE661E9A5D87A08AD0&ln=1579_11244__2_&t1=16945&orderNo=ht_2016052437_0&cm=J0540001&feeCode=87000101&reqTime=20160524150937&mcpid=jy0001&layout=913570830935
15:09:38.128 +42ms 

15:18:34.869 jy000187000101ht_2016052434_020160524151834youxue888
15:18:34.869 http://wap.cmread.com/rdo/order?mcpid=jy0001&orderNo=ht_2016052434_0&feeCode=87000101&reqTime=20160524151834&sign=3156097A58D7F9488B521398F07BA7EE&layout=9&cm=J0540001
15:18:35.306 <Response><ResultCode>200</ResultCode><Order><BusinessDesc>业务信息：【咪咕星宝】1元</BusinessDesc><Price>资费：1.0元/次</Price><VerifType>0</VerifType><Submit0><GetSMSVerifyCodeUrl>http://wap.cmread.com/rdo/order/obtvc;jsessionid=F85C4A1A2191B49790F92F7249134C7C.8ngFvPKeA.1.0?sign=3156097A58D7F9488B521398F07BA7EE&amp;ln=1579_11244__2_&amp;t1=16945&amp;orderNo=ht_2016052434_0&amp;cm=J0540001&amp;feeCode=87000101&amp;reqTime=20160524151834&amp;mcpid=jy0001&amp;layout=9</GetSMSVerifyCodeUrl></Submit0></Order></Response>
15:18:35.306 http://wap.cmread.com/rdo/order/obtvc;jsessionid=F85C4A1A2191B49790F92F7249134C7C.8ngFvPKeA.1.0?sign=3156097A58D7F9488B521398F07BA7EE&ln=1579_11244__2_&t1=16945&orderNo=ht_2016052434_0&cm=J0540001&feeCode=87000101&reqTime=20160524151834&mcpid=jy0001&layout=9&msisdn=13570830935
15:18:35.491 <Response><ResultCode>200</ResultCode><Order><Submit0><ButtonTag><SubmitUrl>http://wap.cmread.com/rdo/order/ncp;jsessionid=F85C4A1A2191B49790F92F7249134C7C.8ngFvPKeA.1.0?sign=3156097A58D7F9488B521398F07BA7EE&amp;ln=1584_11256__1_&amp;t1=16945&amp;orderNo=ht_2016052434_0&amp;cm=J0540001&amp;feeCode=87000101&amp;hash=lCtZAQ5G%2Fvrh7cIyI1ZD3Q%3D%3D&amp;msisdn=13570830935&amp;reqTime=20160524151834&amp;mcpid=jy0001&amp;layout=9</SubmitUrl></ButtonTag></Submit0></Order></Response>

15:23:49.705 jy000187000101ht_2016052449_020160524152349youxue888
15:23:49.705 http://wap.cmread.com/rdo/order?mcpid=jy0001&orderNo=ht_2016052449_0&feeCode=87000101&reqTime=20160524152349&sign=726FAF5B45A8B22288D658C33E156DD0&layout=9&cm=J0540001
15:23:50.369 <Response><ResultCode>200</ResultCode><Order><BusinessDesc>业务信息：【咪咕星宝】1元</BusinessDesc><Price>资费：1.0元/次</Price><VerifType>0</VerifType><Submit0><GetSMSVerifyCodeUrl>http://wap.cmread.com/rdo/order/obtvc;jsessionid=C45BA67F3C0D14F6FF91C9EB1E0650B5.8ngFvPKeA.1.0?sign=726FAF5B45A8B22288D658C33E156DD0&amp;ln=1579_11244__2_&amp;t1=16945&amp;orderNo=ht_2016052449_0&amp;cm=J0540001&amp;feeCode=87000101&amp;reqTime=20160524152349&amp;mcpid=jy0001&amp;layout=9</GetSMSVerifyCodeUrl></Submit0></Order></Response>
15:23:50.369 http://wap.cmread.com/rdo/order/obtvc;jsessionid=C45BA67F3C0D14F6FF91C9EB1E0650B5.8ngFvPKeA.1.0?sign=726FAF5B45A8B22288D658C33E156DD0&ln=1579_11244__2_&t1=16945&orderNo=ht_2016052449_0&cm=J0540001&feeCode=87000101&reqTime=20160524152349&mcpid=jy0001&layout=9&msisdn=18989089191
15:23:50.701 <Response><ResultCode>9996</ResultCode><ResultMsg>发送短信验证码失败！</ResultMsg></Response>

15:24:19.041 jy000187000101ht_2016052419_020160524152419youxue888
15:24:19.041 http://wap.cmread.com/rdo/order?mcpid=jy0001&orderNo=ht_2016052419_0&feeCode=87000101&reqTime=20160524152419&sign=8F30936B6ACF643F18FFD2D1E279FB52&layout=9&cm=J0540001
15:24:21.482 <Response><ResultCode>200</ResultCode><Order><BusinessDesc>业务信息：【咪咕星宝】1元</BusinessDesc><Price>资费：1.0元/次</Price><VerifType>0</VerifType><Submit0><GetSMSVerifyCodeUrl>http://wap.cmread.com/rdo/order/obtvc;jsessionid=AC03C71BC81BC896CA2A23A25602E73C.8ngFvPKeA.1.0?sign=8F30936B6ACF643F18FFD2D1E279FB52&amp;ln=1579_11244__2_&amp;t1=16945&amp;orderNo=ht_2016052419_0&amp;cm=J0540001&amp;feeCode=87000101&amp;reqTime=20160524152419&amp;mcpid=jy0001&amp;layout=9</GetSMSVerifyCodeUrl></Submit0></Order></Response>
15:24:21.482 http://wap.cmread.com/rdo/order/obtvc;jsessionid=AC03C71BC81BC896CA2A23A25602E73C.8ngFvPKeA.1.0?sign=8F30936B6ACF643F18FFD2D1E279FB52&ln=1579_11244__2_&t1=16945&orderNo=ht_2016052419_0&cm=J0540001&feeCode=87000101&reqTime=20160524152419&mcpid=jy0001&layout=9&msisdn=18989089191
15:24:21.899 <Response><ResultCode>9996</ResultCode><ResultMsg>发送短信验证码失败！</ResultMsg></Response>

15:24:48.031 jy000187000101ht_2016052448_020160524152448youxue888
15:24:48.031 http://wap.cmread.com/rdo/order?mcpid=jy0001&orderNo=ht_2016052448_0&feeCode=87000101&reqTime=20160524152448&sign=7884A3EDDB47B2446F6C9A2E4C634562&layout=9&cm=J0540001
15:24:48.231 <Response><ResultCode>200</ResultCode><Order><BusinessDesc>业务信息：【咪咕星宝】1元</BusinessDesc><Price>资费：1.0元/次</Price><VerifType>0</VerifType><Submit0><GetSMSVerifyCodeUrl>http://wap.cmread.com/rdo/order/obtvc;jsessionid=8C4A7A5F7C11BD19B4ED83267271668D.8ngFvPKeA.1.0?sign=7884A3EDDB47B2446F6C9A2E4C634562&amp;ln=1579_11244__2_&amp;t1=16945&amp;orderNo=ht_2016052448_0&amp;cm=J0540001&amp;feeCode=87000101&amp;reqTime=20160524152448&amp;mcpid=jy0001&amp;layout=9</GetSMSVerifyCodeUrl></Submit0></Order></Response>
15:24:48.231 http://wap.cmread.com/rdo/order/obtvc;jsessionid=8C4A7A5F7C11BD19B4ED83267271668D.8ngFvPKeA.1.0?sign=7884A3EDDB47B2446F6C9A2E4C634562&ln=1579_11244__2_&t1=16945&orderNo=ht_2016052448_0&cm=J0540001&feeCode=87000101&reqTime=20160524152448&mcpid=jy0001&layout=9&msisdn=18789089191
15:24:48.415 <Response><ResultCode>200</ResultCode><Order><Submit0><ButtonTag><SubmitUrl>http://wap.cmread.com/rdo/order/ncp;jsessionid=8C4A7A5F7C11BD19B4ED83267271668D.8ngFvPKeA.1.0?sign=7884A3EDDB47B2446F6C9A2E4C634562&amp;ln=1584_11256__1_&amp;t1=16945&amp;orderNo=ht_2016052448_0&amp;cm=J0540001&amp;feeCode=87000101&amp;hash=MhkUp%2FSpI%2FvYvX8NlKf%2Bdw%3D%3D&amp;msisdn=18789089191&amp;reqTime=20160524152448&amp;mcpid=jy0001&amp;layout=9</SubmitUrl></ButtonTag></Submit0></Order></Response>

15:26:16.607 jy000187000101ht_2016052416_020160524152616youxue888
15:26:16.607 http://wap.cmread.com/rdo/order?mcpid=jy0001&orderNo=ht_2016052416_0&feeCode=87000101&reqTime=20160524152616&sign=73415AA979E750455694490830CC9B47&layout=9&cm=J0540001
15:26:16.792 <Response><ResultCode>200</ResultCode><Order><BusinessDesc>业务信息：【咪咕星宝】1元</BusinessDesc><Price>资费：1.0元/次</Price><VerifType>0</VerifType><Submit0><GetSMSVerifyCodeUrl>http://wap.cmread.com/rdo/order/obtvc;jsessionid=A1BDC7400DE562F45BC430706856E0DC.8ngFvPKeA.1.0?sign=73415AA979E750455694490830CC9B47&amp;ln=1579_11244__2_&amp;t1=16945&amp;orderNo=ht_2016052416_0&amp;cm=J0540001&amp;feeCode=87000101&amp;reqTime=20160524152616&amp;mcpid=jy0001&amp;layout=9</GetSMSVerifyCodeUrl></Submit0></Order></Response>
15:26:16.792 http://wap.cmread.com/rdo/order/obtvc;jsessionid=A1BDC7400DE562F45BC430706856E0DC.8ngFvPKeA.1.0?sign=73415AA979E750455694490830CC9B47&ln=1579_11244__2_&t1=16945&orderNo=ht_2016052416_0&cm=J0540001&feeCode=87000101&reqTime=20160524152616&mcpid=jy0001&layout=9&msisdn=18789089191
15:26:17.242 <Response><ResultCode>200</ResultCode><Order><Submit0><ButtonTag><SubmitUrl>http://wap.cmread.com/rdo/order/ncp;jsessionid=A1BDC7400DE562F45BC430706856E0DC.8ngFvPKeA.1.0?sign=73415AA979E750455694490830CC9B47&amp;ln=1584_11256__1_&amp;t1=16945&amp;orderNo=ht_2016052416_0&amp;cm=J0540001&amp;feeCode=87000101&amp;hash=BdotPk9CcVt%2BHSukMQeZHA%3D%3D&amp;msisdn=18789089191&amp;reqTime=20160524152616&amp;mcpid=jy0001&amp;layout=9</SubmitUrl></ButtonTag></Submit0></Order></Response>

15:31:30.958 jy000187000101ht_2016052430_020160524153130youxue888
15:31:30.958 http://wap.cmread.com/rdo/order?mcpid=jy0001&orderNo=ht_2016052430_0&feeCode=87000101&reqTime=20160524153130&sign=64728D3FA8FDDC50DF37DB2AE7F8DF44&layout=9&cm=J0540001
15:31:31.112 <Response><ResultCode>200</ResultCode><Order><BusinessDesc>业务信息：【咪咕星宝】1元</BusinessDesc><Price>资费：1.0元/次</Price><VerifType>0</VerifType><Submit0><GetSMSVerifyCodeUrl>http://wap.cmread.com/rdo/order/obtvc;jsessionid=B1DA6682A88C80DBEB20282DB95E6A95.8ngFvPKeA.1.0?sign=64728D3FA8FDDC50DF37DB2AE7F8DF44&amp;ln=1579_11244__2_&amp;t1=16945&amp;orderNo=ht_2016052430_0&amp;cm=J0540001&amp;feeCode=87000101&amp;reqTime=20160524153130&amp;mcpid=jy0001&amp;layout=9</GetSMSVerifyCodeUrl></Submit0></Order></Response>
15:31:31.112 http://wap.cmread.com/rdo/order/obtvc;jsessionid=B1DA6682A88C80DBEB20282DB95E6A95.8ngFvPKeA.1.0?sign=64728D3FA8FDDC50DF37DB2AE7F8DF44&ln=1579_11244__2_&t1=16945&orderNo=ht_2016052430_0&cm=J0540001&feeCode=87000101&reqTime=20160524153130&mcpid=jy0001&layout=9&msisdn=18789089191
15:31:32.565 <Response><ResultCode>200</ResultCode><Order><Submit0><ButtonTag><SubmitUrl>http://wap.cmread.com/rdo/order/ncp;jsessionid=B1DA6682A88C80DBEB20282DB95E6A95.8ngFvPKeA.1.0?sign=64728D3FA8FDDC50DF37DB2AE7F8DF44&amp;ln=1584_11256__1_&amp;t1=16945&amp;orderNo=ht_2016052430_0&amp;cm=J0540001&amp;feeCode=87000101&amp;hash=44erf%2BS61w5pCsCqdhn5fw%3D%3D&amp;msisdn=18789089191&amp;reqTime=20160524153130&amp;mcpid=jy0001&amp;layout=9</SubmitUrl></ButtonTag></Submit0></Order></Response>
15:31:39.052 http://wap.cmread.com/rdo/order/ncp;jsessionid=B1DA6682A88C80DBEB20282DB95E6A95.8ngFvPKeA.1.0?sign=64728D3FA8FDDC50DF37DB2AE7F8DF44&ln=1584_11256__1_&t1=16945&orderNo=ht_2016052430_0&cm=J0540001&feeCode=87000101&hash=44erf%2BS61w5pCsCqdhn5fw%3D%3D&msisdn=18789089191&reqTime=20160524153130&mcpid=jy0001&layout=9&verifyCode=123456
15:31:39.121 <Response><ResultCode>9994</ResultCode><ResultMsg></ResultMsg></Response>

15:40:01.697 jy000187000101ht_2016052401_020160524154001youxue888
15:40:01.697 http://wap.cmread.com/rdo/order?mcpid=jy0001&orderNo=ht_2016052401_0&feeCode=87000101&reqTime=20160524154001&sign=D6C840B938CB4D4E82AB72415771F46D&layout=9&cm=J0540001
15:40:01.950 <Response><ResultCode>200</ResultCode><Order><BusinessDesc>业务信息：【咪咕星宝】1元</BusinessDesc><Price>资费：1.0元/次</Price><VerifType>0</VerifType><Submit0><GetSMSVerifyCodeUrl>http://wap.cmread.com/rdo/order/obtvc;jsessionid=679FBAB56FFB9539C62A66368002C43D.8ngFvPKeA.1.0?sign=D6C840B938CB4D4E82AB72415771F46D&amp;ln=1579_11244__2_&amp;t1=16945&amp;orderNo=ht_2016052401_0&amp;cm=J0540001&amp;feeCode=87000101&amp;reqTime=20160524154001&amp;mcpid=jy0001&amp;layout=9</GetSMSVerifyCodeUrl></Submit0></Order></Response>
15:40:01.950 http://wap.cmread.com/rdo/order/obtvc;jsessionid=679FBAB56FFB9539C62A66368002C43D.8ngFvPKeA.1.0?sign=D6C840B938CB4D4E82AB72415771F46D&ln=1579_11244__2_&t1=16945&orderNo=ht_2016052401_0&cm=J0540001&feeCode=87000101&reqTime=20160524154001&mcpid=jy0001&layout=9&msisdn=18371144024
15:40:03.470 <Response><ResultCode>200</ResultCode><Order><Submit0><ButtonTag><SubmitUrl>http://wap.cmread.com/rdo/order/ncp;jsessionid=679FBAB56FFB9539C62A66368002C43D.8ngFvPKeA.1.0?sign=D6C840B938CB4D4E82AB72415771F46D&amp;ln=1584_11256__1_&amp;t1=16945&amp;orderNo=ht_2016052401_0&amp;cm=J0540001&amp;feeCode=87000101&amp;hash=222M436lRDv3KxA3pLXx5Q%3D%3D&amp;msisdn=18371144024&amp;reqTime=20160524154001&amp;mcpid=jy0001&amp;layout=9</SubmitUrl></ButtonTag></Submit0></Order></Response>
15:40:49.803 http://wap.cmread.com/rdo/order/ncp;jsessionid=679FBAB56FFB9539C62A66368002C43D.8ngFvPKeA.1.0?sign=D6C840B938CB4D4E82AB72415771F46D&ln=1584_11256__1_&t1=16945&orderNo=ht_2016052401_0&cm=J0540001&feeCode=87000101&hash=222M436lRDv3KxA3pLXx5Q%3D%3D&msisdn=18371144024&reqTime=20160524154001&mcpid=jy0001&layout=9&verifyCode=774410
15:40:49.850 <Response><ResultCode>9994</ResultCode><ResultMsg></ResultMsg></Response>

